2021-09-24 12:33:35 -  - exec CUpdateClientPartner::SearchModulesEx
2021-09-24 12:33:35 -  - exec CUpdateClientPartner::__CollectRequestData
2021-09-24 12:33:35 -  - utf=Y&lang=ru&stable=Y&CANGZIP=Y&SUPD_DBS=MYSQL&XE=N&CLIENT_SITE=localhost&LICENSE_KEY=X&SUPD_STS=1&SUPD_URS=0&SUPD_URSA=1&TYPENC=D&CLIENT_PHPVER=7.4.21&NGINX=Y&dbv=8.0.24&instm=main%2C21.400.100%2CY%3Bb24connector%2C21.0.0%2CN%3Bbitrix.sitecorporate%2C15.5.0%2CN%3Bbitrix.siteinfoportal%2C15.5.0%2CN%3Bbitrix.sitepersonal%2C15.5.0%2CN%3Bbitrixcloud%2C21.0.0%2CN%3Bblog%2C21.200.0%2CN%3Bclouds%2C21.100.0%2CN%3Bfileman%2C21.200.0%2CN%3Bform%2C21.0.0%2CN%3Bforum%2C21.100.0%2CN%3Bhighloadblock%2C21.100.0%2CN%3Biblock%2C21.400.100%2CN%3Blanding%2C21.300.300%2CN%3Bmessageservice%2C21.100.0%2CN%3Bmobileapp%2C21.0.50%2CN%3Bperfmon%2C21.0.0%2CN%3Bphotogallery%2C21.0.0%2CN%3Brest%2C21.200.0%2CN%3Bscale%2C21.0.0%2CN%3Bsearch%2C21.0.100%2CN%3Bsecurity%2C21.0.0%2CN%3Bseo%2C21.300.0%2CN%3Bsocialservices%2C21.100.0%2CN%3Bsubscribe%2C21.0.0%2CN%3Btranslate%2C21.100.0%2CN%3Bui%2C21.300.0%2CN%3Bvote%2C21.0.0%2CN&search_module_id=&search_module=&search_category=7%2C14&search_type=&search_order=DESC&search_order_by=SORT&search_page=1&SUPD_SRS=RU&SUPD_CMP=N
2021-09-24 12:33:35 -  - exec CUpdateClientPartner::GetHTTPPage
2021-09-24 12:33:36 -  - TIME SearchModulesEx(request) 1.345 sec
2021-09-24 12:33:36 -  - exec CUpdateClientPartner::ParseServerData
2021-09-24 12:33:52 -  - exec CUpdateClientPartner::LoadModulesUpdates
2021-09-24 12:33:52 -  - exec CUpdateClientPartner::__CollectRequestData
2021-09-24 12:33:52 -  - utf=Y&lang=ru&stable=Y&CANGZIP=Y&SUPD_DBS=MYSQL&XE=N&CLIENT_SITE=localhost&LICENSE_KEY=X&SUPD_STS=1&SUPD_URS=0&SUPD_URSA=1&TYPENC=D&CLIENT_PHPVER=7.4.21&NGINX=Y&dbv=8.0.24&instm=main%2C21.400.100%2CY%3Bb24connector%2C21.0.0%2CN%3Bbitrix.sitecorporate%2C15.5.0%2CN%3Bbitrix.siteinfoportal%2C15.5.0%2CN%3Bbitrix.sitepersonal%2C15.5.0%2CN%3Bbitrixcloud%2C21.0.0%2CN%3Bblog%2C21.200.0%2CN%3Bclouds%2C21.100.0%2CN%3Bfileman%2C21.200.0%2CN%3Bform%2C21.0.0%2CN%3Bforum%2C21.100.0%2CN%3Bhighloadblock%2C21.100.0%2CN%3Biblock%2C21.400.100%2CN%3Blanding%2C21.300.300%2CN%3Bmessageservice%2C21.100.0%2CN%3Bmobileapp%2C21.0.50%2CN%3Bperfmon%2C21.0.0%2CN%3Bphotogallery%2C21.0.0%2CN%3Brest%2C21.200.0%2CN%3Bscale%2C21.0.0%2CN%3Bsearch%2C21.0.100%2CN%3Bsecurity%2C21.0.0%2CN%3Bseo%2C21.300.0%2CN%3Bsocialservices%2C21.100.0%2CN%3Bsubscribe%2C21.0.0%2CN%3Btranslate%2C21.100.0%2CN%3Bui%2C21.300.0%2CN%3Bvote%2C21.0.0%2CN&reqm=nsandrey.emptyinstall&lim=Y&SUPD_SRS=RU&SUPD_CMP=N
2021-09-24 12:33:52 -  - exec CUpdateClientPartner::GetHTTPPage
2021-09-24 12:33:52 -  - TIME LoadModulesUpdates(request) 0.367 sec
2021-09-24 12:33:52 -  - exec CUpdateClientPartner::ParseServerData
2021-09-24 12:33:52 - S - STEP
2021-09-24 12:33:52 - LM4W01 - loadModule4Wizard-Step
2021-09-24 12:33:53 -  - exec CUpdateClientPartner::LoadModulesUpdates
2021-09-24 12:33:53 -  - exec CUpdateClientPartner::ParseServerData
2021-09-24 12:33:53 -  - loadFile
2021-09-24 12:33:53 - U - RETURN
2021-09-24 12:33:53 -  - exec CUpdateClientPartner::UnGzipArchive
2021-09-24 12:33:53 -  - TIME UnGzipArchive 0.29 sec
2021-09-24 12:33:53 -  - TIME UpdateStepModules 0.121 sec
2021-09-24 12:33:54 -  - exec CUpdateClientPartner::LoadModulesUpdates
2021-09-24 12:33:54 -  - exec CUpdateClientPartner::__CollectRequestData
2021-09-24 12:33:54 -  - utf=Y&lang=ru&stable=Y&CANGZIP=Y&SUPD_DBS=MYSQL&XE=N&CLIENT_SITE=localhost&LICENSE_KEY=X&SUPD_STS=1&SUPD_URS=0&SUPD_URSA=1&TYPENC=D&CLIENT_PHPVER=7.4.21&NGINX=Y&dbv=8.0.24&instm=main%2C21.400.100%2CY%3Bb24connector%2C21.0.0%2CN%3Bbitrix.sitecorporate%2C15.5.0%2CN%3Bbitrix.siteinfoportal%2C15.5.0%2CN%3Bbitrix.sitepersonal%2C15.5.0%2CN%3Bbitrixcloud%2C21.0.0%2CN%3Bblog%2C21.200.0%2CN%3Bclouds%2C21.100.0%2CN%3Bfileman%2C21.200.0%2CN%3Bform%2C21.0.0%2CN%3Bforum%2C21.100.0%2CN%3Bhighloadblock%2C21.100.0%2CN%3Biblock%2C21.400.100%2CN%3Blanding%2C21.300.300%2CN%3Bmessageservice%2C21.100.0%2CN%3Bmobileapp%2C21.0.50%2CN%3Bnsandrey.emptyinstall%2C1.0.5%2CN%3Bperfmon%2C21.0.0%2CN%3Bphotogallery%2C21.0.0%2CN%3Brest%2C21.200.0%2CN%3Bscale%2C21.0.0%2CN%3Bsearch%2C21.0.100%2CN%3Bsecurity%2C21.0.0%2CN%3Bseo%2C21.300.0%2CN%3Bsocialservices%2C21.100.0%2CN%3Bsubscribe%2C21.0.0%2CN%3Btranslate%2C21.100.0%2CN%3Bui%2C21.300.0%2CN%3Bvote%2C21.0.0%2CN&reqm=nsandrey.emptyinstall&lim=Y&SUPD_SRS=RU&SUPD_CMP=N
2021-09-24 12:33:54 -  - exec CUpdateClientPartner::GetHTTPPage
2021-09-24 12:33:54 -  - TIME LoadModulesUpdates(request) 0.357 sec
2021-09-24 12:33:54 -  - exec CUpdateClientPartner::ParseServerData
2021-09-24 12:33:54 - STEP - Finish - NOUPDATES
2021-09-24 12:33:54 - LM4W03 - Finish - NOUPDATES
2021-09-24 12:37:28 -  - exec CUpdateClientPartner::__CollectRequestData
2021-09-24 12:37:28 -  - exec CUpdateClientPartner::GetHTTPPage
2021-09-24 12:37:28 -  - exec CUpdateClientPartner::ParseServerData
2021-09-24 12:37:29 -  - exec CUpdateClientPartner::GetUpdatesList
2021-09-24 12:37:29 -  - exec CUpdateClientPartner::__CollectRequestData
2021-09-24 12:37:29 -  - utf=Y&lang=ru&stable=Y&CANGZIP=Y&SUPD_DBS=MYSQL&XE=N&CLIENT_SITE=localhost&LICENSE_KEY=X&SUPD_STS=1&SUPD_URS=0&SUPD_URSA=1&TYPENC=D&CLIENT_PHPVER=7.4.21&NGINX=Y&dbv=8.0.24&instm=main%2C21.400.100%2CY%3Bb24connector%2C21.0.0%2CN%3Bbitrix.sitecorporate%2C15.5.0%2CN%3Bbitrix.siteinfoportal%2C15.5.0%2CN%3Bbitrix.sitepersonal%2C15.5.0%2CN%3Bbitrixcloud%2C21.0.0%2CN%3Bblog%2C21.200.0%2CN%3Bclouds%2C21.100.0%2CN%3Bfileman%2C21.200.0%2CN%3Bform%2C21.0.0%2CN%3Bforum%2C21.100.0%2CN%3Bhighloadblock%2C21.100.0%2CN%3Biblock%2C21.400.100%2CN%3Blanding%2C21.300.300%2CN%3Bmessageservice%2C21.100.0%2CN%3Bmobileapp%2C21.0.50%2CN%3Bnsandrey.emptyinstall%2C1.0.5%2CN%3Bperfmon%2C21.0.0%2CN%3Bphotogallery%2C21.0.0%2CN%3Brest%2C21.200.0%2CN%3Bscale%2C21.0.0%2CN%3Bsearch%2C21.0.100%2CN%3Bsecurity%2C21.0.0%2CN%3Bseo%2C21.300.0%2CN%3Bsocialservices%2C21.100.0%2CN%3Bsubscribe%2C21.0.0%2CN%3Btranslate%2C21.100.0%2CN%3Bui%2C21.300.0%2CN%3Bvote%2C21.0.0%2CN&reqm=bitrix.sitecorporate%2Cbitrix.siteinfoportal%2Cbitrix.sitepersonal%2Cnsandrey.emptyinstall&fullmoduleinfo=Y&SUPD_SRS=RU&SUPD_CMP=N
2021-09-24 12:37:29 -  - exec CUpdateClientPartner::GetHTTPPage
2021-09-24 12:37:29 -  - TIME GetUpdatesList(request) 0.372 sec
2021-09-24 12:37:29 -  - exec CUpdateClientPartner::ParseServerData
2021-09-24 12:37:29 -  - exec CUpdateClientPartner::__CollectRequestData
2021-09-24 12:37:29 -  - exec CUpdateClientPartner::GetHTTPPage
2021-09-24 12:37:29 -  - exec CUpdateClientPartner::ParseServerData
2021-09-27 12:23:49 -  - exec CUpdateClientPartner::__CollectRequestData
2021-09-27 12:23:49 -  - exec CUpdateClientPartner::GetHTTPPage
2021-09-27 12:23:50 -  - exec CUpdateClientPartner::ParseServerData
2021-09-27 12:23:50 -  - exec CUpdateClientPartner::GetUpdatesList
2021-09-27 12:23:50 -  - exec CUpdateClientPartner::__CollectRequestData
2021-09-27 12:23:50 -  - utf=Y&lang=ru&stable=Y&CANGZIP=Y&SUPD_DBS=MYSQL&XE=N&CLIENT_SITE=localhost&LICENSE_KEY=X&SUPD_STS=1&SUPD_URS=0&SUPD_URSA=1&TYPENC=D&CLIENT_PHPVER=7.4.21&NGINX=Y&dbv=8.0.24&instm=main%2C21.400.100%2CY%3Bb24connector%2C21.0.0%2CN%3Bbitrix.sitecorporate%2C15.5.0%2CN%3Bbitrix.siteinfoportal%2C15.5.0%2CN%3Bbitrix.sitepersonal%2C15.5.0%2CN%3Bbitrixcloud%2C21.0.0%2CN%3Bblog%2C21.200.0%2CN%3Bclouds%2C21.100.0%2CN%3Bfileman%2C21.200.0%2CN%3Bform%2C21.0.0%2CN%3Bforum%2C21.100.0%2CN%3Bhighloadblock%2C21.100.0%2CN%3Biblock%2C21.400.100%2CN%3Blanding%2C21.300.300%2CN%3Bmessageservice%2C21.100.0%2CN%3Bmobileapp%2C21.0.50%2CN%3Bnsandrey.emptyinstall%2C1.0.5%2CN%3Bperfmon%2C21.0.0%2CN%3Bphotogallery%2C21.0.0%2CN%3Brest%2C21.200.0%2CN%3Bscale%2C21.0.0%2CN%3Bsearch%2C21.0.100%2CN%3Bsecurity%2C21.0.0%2CN%3Bseo%2C21.300.0%2CN%3Bsocialservices%2C21.100.0%2CN%3Bsubscribe%2C21.0.0%2CN%3Btranslate%2C21.100.0%2CN%3Bui%2C21.300.0%2CN%3Bvote%2C21.0.0%2CN&reqm=bitrix.sitecorporate%2Cbitrix.siteinfoportal%2Cbitrix.sitepersonal%2Cnsandrey.emptyinstall&fullmoduleinfo=Y&SUPD_SRS=RU&SUPD_CMP=N
2021-09-27 12:23:50 -  - exec CUpdateClientPartner::GetHTTPPage
2021-09-27 12:23:51 -  - TIME GetUpdatesList(request) 0.369 sec
2021-09-27 12:23:51 -  - exec CUpdateClientPartner::ParseServerData
2021-09-27 12:23:51 -  - exec CUpdateClientPartner::__CollectRequestData
2021-09-27 12:23:51 -  - exec CUpdateClientPartner::GetHTTPPage
2021-09-27 12:23:51 -  - exec CUpdateClientPartner::ParseServerData
